<?xml version="1.0" encoding="UTF-8"?>
<!-- Generated by org.testng.reporters.JUnitXMLReporter -->
<testsuite ignored="1" hostname="TYSS-Pritam-Pramanick" failures="0" tests="1" name="Default test" time="2.972" errors="0" timestamp="2025-09-17T14:09:56 IST">
  <testcase classname="all_testNG_package.ParallelMethodExecution" name="add_tShirt_To_cart" time="0.192"/>
  <testcase classname="all_testNG_package.ParallelMethodExecution" name="AadBagToCart" time="0.0">
    <ignored/>
  </testcase> <!-- AadBagToCart -->
</testsuite> <!-- Default test -->
