<?xml version="1.0" encoding="UTF-8"?>
<!-- Generated by org.testng.reporters.JUnitXMLReporter -->
<testsuite ignored="0" hostname="TYSS-Pritam-Pramanick" failures="0" tests="2" name="Test" time="2.853" errors="0" timestamp="2025-09-16T14:02:12 IST">
  <testcase classname="all_testNG_package.Check_Number_Of_Added_Item_Using_SoftAssertion" name="check_Visibility_Of_All_Products" time="0.08"/>
  <testcase classname="all_testNG_package.Check_Number_Of_Added_Item_Using_SoftAssertion" name="check_Added_Item_Number" time="0.207"/>
</testsuite> <!-- Test -->
