<?xml version="1.0" encoding="UTF-8"?>
<!-- Generated by org.testng.reporters.JUnitXMLReporter -->
<testsuite ignored="1" hostname="TYSS-Pritam-Pramanick" failures="0" tests="8" name="Test" time="5.067" errors="0" timestamp="2025-09-15T13:49:07 IST">
  <testcase classname="baseClassPackage.EndToEndBaseClass" name="@BeforeClass doLogIn" time="0.002">
    <failure type="java.lang.NullPointerException" message="Cannot invoke &amp;quot;String.toLowerCase()&amp;quot; because &amp;quot;browser&amp;quot; is null">
      <![CDATA[java.lang.NullPointerException: Cannot invoke "String.toLowerCase()" because "browser" is null
at utilityPackage.WebDriverUtility.openBrowser(WebDriverUtility.java:20)
at baseClassPackage.EndToEndBaseClass.doLogIn(EndToEndBaseClass.java:79)
at java.base/java.util.ArrayList.forEach(ArrayList.java:1597)
... Removed 23 stack frames]]>
    </failure>
  </testcase> <!-- @BeforeClass doLogIn -->
  <testcase classname="all_testNG_package.AddingItem_End_To_End_Using_Hard_Assertions" name="addItem" time="0.15"/>
  <testcase classname="all_testNG_package.AddingItem_End_To_End_Using_Hard_Assertions" name="goToCart" time="0.161"/>
  <testcase classname="all_testNG_package.AddingItem_End_To_End_Using_Hard_Assertions" name="doCheckout" time="0.147"/>
  <testcase classname="all_testNG_package.AddingItem_End_To_End_Using_Hard_Assertions" name="fillOrderDetails" time="0.611"/>
  <testcase classname="all_testNG_package.AddingItem_End_To_End_Using_Hard_Assertions" name="finishOrder" time="0.147"/>
  <testcase classname="all_testNG_package.AddingItem_End_To_End_Using_Hard_Assertions" name="verifyMessage" time="0.158"/>
  <testcase classname="all_testNG_package.Check_Number_Of_Added_Item_Using_SoftAssertion" name="check_Visibility_Of_All_Products" time="0.0">
    <skipped/>
  </testcase> <!-- check_Visibility_Of_All_Products -->
  <testcase classname="all_testNG_package.Check_Number_Of_Added_Item_Using_SoftAssertion" name="check_Added_Item_Number" time="0.0">
    <skipped/>
  </testcase> <!-- check_Added_Item_Number -->
  <testcase classname="baseClassPackage.EndToEndBaseClass" name="@BeforeSuite loadData" time="0.0">
    <ignored/>
  </testcase> <!-- @BeforeSuite loadData -->
</testsuite> <!-- Test -->
