<?xml version="1.0" encoding="UTF-8"?>
<testng-results ignored="0" total="3" passed="3" failed="0" skipped="0">
  <reporter-output>
  </reporter-output>
  <suite started-at="2025-07-05T17:01:24 IST" name="Suite" finished-at="2025-07-05T17:01:54 IST" duration-ms="29795">
    <groups>
    </groups>
    <test started-at="2025-07-05T17:01:24 IST" name="Test2" finished-at="2025-07-05T17:01:29 IST" duration-ms="5618">
      <class name="com.AllTestNG.ParalelClass1">
        <test-method signature="addJacketToCart(java.lang.String)[pri:0, instance:com.AllTestNG.ParalelClass1@4a8355dd]" started-at="2025-07-05T17:01:24 IST" name="addJacketToCart" finished-at="2025-07-05T17:01:29 IST" duration-ms="5572" status="PASS">
          <params>
            <param index="0">
              <value>
                <![CDATA[edge]]>
              </value>
            </param>
          </params>
          <reporter-output>
          </reporter-output>
        </test-method> <!-- addJacketToCart -->
      </class> <!-- com.AllTestNG.ParalelClass1 -->
    </test> <!-- Test2 -->
    <test started-at="2025-07-05T17:01:24 IST" name="Test3" finished-at="2025-07-05T17:01:34 IST" duration-ms="9848">
      <class name="com.AllTestNG.ParalelClass1">
        <test-method signature="addJacketToCart(java.lang.String)[pri:0, instance:com.AllTestNG.ParalelClass1@c430e6c]" started-at="2025-07-05T17:01:24 IST" name="addJacketToCart" finished-at="2025-07-05T17:01:34 IST" duration-ms="9805" status="PASS">
          <params>
            <param index="0">
              <value>
                <![CDATA[firefox]]>
              </value>
            </param>
          </params>
          <reporter-output>
          </reporter-output>
        </test-method> <!-- addJacketToCart -->
      </class> <!-- com.AllTestNG.ParalelClass1 -->
    </test> <!-- Test3 -->
    <test started-at="2025-07-05T17:01:24 IST" name="Test1" finished-at="2025-07-05T17:01:54 IST" duration-ms="29795">
      <class name="com.AllTestNG.ParalelClass1">
        <test-method signature="addJacketToCart(java.lang.String)[pri:0, instance:com.AllTestNG.ParalelClass1@7161d8d1]" started-at="2025-07-05T17:01:24 IST" name="addJacketToCart" finished-at="2025-07-05T17:01:54 IST" duration-ms="29754" status="PASS">
          <params>
            <param index="0">
              <value>
                <![CDATA[chrome]]>
              </value>
            </param>
          </params>
          <reporter-output>
          </reporter-output>
        </test-method> <!-- addJacketToCart -->
      </class> <!-- com.AllTestNG.ParalelClass1 -->
    </test> <!-- Test1 -->
  </suite> <!-- Suite -->
</testng-results>
