<?xml version="1.0" encoding="UTF-8"?>
<!-- Generated by org.testng.reporters.JUnitXMLReporter -->
<testsuite ignored="4" hostname="TYSS-Pritam-Pramanick" failures="0" tests="4" name="Test2" time="0.024" errors="0" timestamp="2025-09-09T11:57:53 IST">
  <testcase classname="all_testNG_package.DummyClass2" name="testMethod1" time="0.002"/>
  <testcase classname="all_testNG_package.DummyClass1" name="testMethod1" time="0.001"/>
  <testcase classname="all_testNG_package.DummyClass1" name="testMethod2" time="0.002"/>
  <testcase classname="all_testNG_package.DummyClass1" name="testMethod3" time="0.001"/>
  <testcase classname="baseClassPackage.DummyBaseClass" name="@BeforeTest beforeTest" time="0.0">
    <ignored/>
  </testcase> <!-- @BeforeTest beforeTest -->
  <testcase classname="baseClassPackage.DummyBaseClass" name="@BeforeSuite beforeSuite" time="0.0">
    <ignored/>
  </testcase> <!-- @BeforeSuite beforeSuite -->
  <testcase classname="baseClassPackage.DummyBaseClass" name="@AfterTest afterTest" time="0.0">
    <ignored/>
  </testcase> <!-- @AfterTest afterTest -->
  <testcase classname="baseClassPackage.DummyBaseClass" name="@AfterSuite afterSuite" time="0.0">
    <ignored/>
  </testcase> <!-- @AfterSuite afterSuite -->
</testsuite> <!-- Test2 -->
