<?xml version="1.0" encoding="UTF-8"?>
<!-- Generated by org.testng.reporters.JUnitXMLReporter -->
<testsuite ignored="3" hostname="TYSS-Pritam-Pramanick" failures="0" tests="3" name="Group_Test" time="0.066" errors="0" timestamp="2025-09-17T13:31:06 IST">
  <testcase classname="all_testNG_package.GroupExecutionClass1" name="m2" time="0.011"/>
  <testcase classname="all_testNG_package.GroupExecutionClass1" name="m3" time="0.001"/>
  <testcase classname="all_testNG_package.GroupExecutionClass2" name="a3" time="0.001"/>
  <testcase classname="all_testNG_package.GroupExecutionClass2" name="a2" time="0.0">
    <ignored/>
  </testcase> <!-- a2 -->
  <testcase classname="all_testNG_package.GroupExecutionClass2" name="a1" time="0.0">
    <ignored/>
  </testcase> <!-- a1 -->
  <testcase classname="all_testNG_package.GroupExecutionClass1" name="m1" time="0.0">
    <ignored/>
  </testcase> <!-- m1 -->
</testsuite> <!-- Group_Test -->
